
[2018-04-09 00:51:48] Beginning TopHat run (v2.1.0)
-----------------------------------------------
[2018-04-09 00:51:48] Checking for Bowtie
		  Bowtie version:	 2.2.4.0
[2018-04-09 00:51:48] Checking for Bowtie index files (genome)..
[2018-04-09 00:51:48] Checking for reference FASTA file
[2018-04-09 00:51:48] Generating SAM header for athal/athal_chr
[2018-04-09 00:51:48] Preparing reads
	 left reads: min. length=50, max. length=50, 57985 kept reads (0 discarded)
[2018-04-09 00:51:49] Mapping left_kept_reads to genome athal_chr with Bowtie2 
[2018-04-09 00:51:50] Mapping left_kept_reads_seg1 to genome athal_chr with Bowtie2 (1/2)
[2018-04-09 00:51:51] Mapping left_kept_reads_seg2 to genome athal_chr with Bowtie2 (2/2)
[2018-04-09 00:51:51] Searching for junctions via segment mapping
[2018-04-09 00:51:51] Retrieving sequences for splices
[2018-04-09 00:51:51] Indexing splices
[2018-04-09 00:51:51] Mapping left_kept_reads_seg1 to genome segment_juncs with Bowtie2 (1/2)
[2018-04-09 00:51:52] Mapping left_kept_reads_seg2 to genome segment_juncs with Bowtie2 (2/2)
[2018-04-09 00:51:52] Joining segment hits
[2018-04-09 00:51:52] Reporting output tracks
-----------------------------------------------
[2018-04-09 00:51:54] A summary of the alignment counts can be found in Tophat/Day16/align_summary.txt
[2018-04-09 00:51:54] Run complete: 00:00:05 elapsed
