
[2018-04-09 00:51:36] Beginning TopHat run (v2.1.0)
-----------------------------------------------
[2018-04-09 00:51:36] Checking for Bowtie
		  Bowtie version:	 2.2.4.0
[2018-04-09 00:51:36] Checking for Bowtie index files (genome)..
[2018-04-09 00:51:36] Checking for reference FASTA file
[2018-04-09 00:51:36] Generating SAM header for athal/athal_chr
[2018-04-09 00:51:36] Preparing reads
	 left reads: min. length=50, max. length=50, 63573 kept reads (0 discarded)
[2018-04-09 00:51:37] Mapping left_kept_reads to genome athal_chr with Bowtie2 
[2018-04-09 00:51:39] Mapping left_kept_reads_seg1 to genome athal_chr with Bowtie2 (1/2)
[2018-04-09 00:51:39] Mapping left_kept_reads_seg2 to genome athal_chr with Bowtie2 (2/2)
[2018-04-09 00:51:39] Searching for junctions via segment mapping
[2018-04-09 00:51:39] Retrieving sequences for splices
[2018-04-09 00:51:39] Indexing splices
[2018-04-09 00:51:40] Mapping left_kept_reads_seg1 to genome segment_juncs with Bowtie2 (1/2)
[2018-04-09 00:51:40] Mapping left_kept_reads_seg2 to genome segment_juncs with Bowtie2 (2/2)
[2018-04-09 00:51:40] Joining segment hits
[2018-04-09 00:51:40] Reporting output tracks
-----------------------------------------------
[2018-04-09 00:51:42] A summary of the alignment counts can be found in Tophat/Day8/align_summary.txt
[2018-04-09 00:51:42] Run complete: 00:00:05 elapsed
